[2023-09-23T14:47:41.041Z] [org.springframework.boot.StartupInfoLogger] [main] [55] [INFO ] Starting LoginApplication using Java 20.0.1 on INBook_X1 with PID 6904 (D:\Projects\login\login\target\classes started by saura in D:\Projects\login\login)
[2023-09-23T14:47:41.041Z] [org.springframework.boot.SpringApplication] [main] [631] [INFO ] No active profile set, falling back to 1 default profile: "default"
[2023-09-23T14:47:41.041Z] [org.springframework.data.repository.config.RepositoryConfigurationDelegate] [main] [132] [INFO ] Bootstrapping Spring Data JPA repositories in DEFAULT mode.
[2023-09-23T14:47:42.042Z] [org.springframework.data.repository.config.RepositoryConfigurationDelegate] [main] [201] [INFO ] Finished Spring Data repository scanning in 57 ms. Found 1 JPA repository interfaces.
[2023-09-23T14:47:42.042Z] [org.springframework.boot.web.embedded.tomcat.TomcatWebServer] [main] [108] [INFO ] Tomcat initialized with port(s): 8086 (http)
[2023-09-23T14:47:42.042Z] [org.apache.juli.logging.DirectJDKLog] [main] [173] [INFO ] Initializing ProtocolHandler ["http-nio-8086"]
[2023-09-23T14:47:42.042Z] [org.apache.juli.logging.DirectJDKLog] [main] [173] [INFO ] Starting service [Tomcat]
[2023-09-23T14:47:42.042Z] [org.apache.juli.logging.DirectJDKLog] [main] [173] [INFO ] Starting Servlet engine: [Apache Tomcat/9.0.76]
[2023-09-23T14:47:43.043Z] [org.apache.juli.logging.DirectJDKLog] [main] [173] [INFO ] Initializing Spring embedded WebApplicationContext
[2023-09-23T14:47:43.043Z] [org.springframework.boot.web.servlet.context.ServletWebServerApplicationContext] [main] [292] [INFO ] Root WebApplicationContext: initialization completed in 1706 ms
[2023-09-23T14:47:43.043Z] [com.zaxxer.hikari.HikariDataSource] [main] [110] [INFO ] HikariPool-1 - Starting...
[2023-09-23T14:47:43.043Z] [com.zaxxer.hikari.HikariDataSource] [main] [123] [INFO ] HikariPool-1 - Start completed.
[2023-09-23T14:47:43.043Z] [org.springframework.boot.autoconfigure.h2.H2ConsoleAutoConfiguration] [main] [98] [INFO ] H2 console available at '/h2-console'. Database available at 'jdbc:h2:mem:testdb'
[2023-09-23T14:47:43.043Z] [org.hibernate.jpa.internal.util.LogHelper] [main] [31] [INFO ] HHH000204: Processing PersistenceUnitInfo [name: default]
[2023-09-23T14:47:43.043Z] [org.hibernate.Version] [main] [44] [INFO ] HHH000412: Hibernate ORM core version 5.6.15.Final
[2023-09-23T14:47:43.043Z] [org.hibernate.annotations.common.reflection.java.JavaReflectionManager] [main] [56] [INFO ] HCANN000001: Hibernate Commons Annotations {5.1.2.Final}
[2023-09-23T14:47:43.043Z] [org.hibernate.dialect.Dialect] [main] [175] [INFO ] HHH000400: Using dialect: org.hibernate.dialect.H2Dialect
[2023-09-23T14:47:44.044Z] [org.hibernate.engine.transaction.jta.platform.internal.JtaPlatformInitiator] [main] [52] [INFO ] HHH000490: Using JtaPlatform implementation: [org.hibernate.engine.transaction.jta.platform.internal.NoJtaPlatform]
[2023-09-23T14:47:44.044Z] [org.springframework.orm.jpa.AbstractEntityManagerFactoryBean] [main] [437] [INFO ] Initialized JPA EntityManagerFactory for persistence unit 'default'
[2023-09-23T14:47:45.045Z] [org.springframework.boot.autoconfigure.orm.jpa.JpaBaseConfiguration$JpaWebConfiguration] [main] [223] [WARN ] spring.jpa.open-in-view is enabled by default. Therefore, database queries may be performed during view rendering. Explicitly configure spring.jpa.open-in-view to disable this warning
[2023-09-23T14:47:45.045Z] [org.apache.juli.logging.DirectJDKLog] [main] [173] [INFO ] Starting ProtocolHandler ["http-nio-8086"]
[2023-09-23T14:47:45.045Z] [org.springframework.boot.web.embedded.tomcat.TomcatWebServer] [main] [220] [INFO ] Tomcat started on port(s): 8086 (http) with context path ''
[2023-09-23T14:47:45.045Z] [org.springframework.boot.StartupInfoLogger] [main] [61] [INFO ] Started LoginApplication in 4.66 seconds (JVM running for 5.196)
[2023-09-23T14:48:15.015Z] [org.apache.juli.logging.DirectJDKLog] [http-nio-8086-exec-1] [173] [INFO ] Initializing Spring DispatcherServlet 'dispatcherServlet'
[2023-09-23T14:48:15.015Z] [org.springframework.web.servlet.FrameworkServlet] [http-nio-8086-exec-1] [525] [INFO ] Initializing Servlet 'dispatcherServlet'
[2023-09-23T14:48:15.015Z] [org.springframework.web.servlet.FrameworkServlet] [http-nio-8086-exec-1] [547] [INFO ] Completed initialization in 3 ms
[2023-09-23T14:48:15.015Z] [com.farmersmart.login.service.LoginService] [http-nio-8086-exec-1] [25] [INFO ] LoginEntity [id=1, username=Sanket, password=12345]
[2023-09-23T14:51:00.000Z] [com.farmersmart.login.service.LoginService] [http-nio-8086-exec-4] [25] [INFO ] LoginEntity [id=2, username=Sauraabh, password=12345]
[2023-09-23T14:51:42.042Z] [com.farmersmart.login.service.LoginService] [http-nio-8086-exec-6] [25] [INFO ] LoginEntity [id=3, username=Sahil, password=12345]
[2023-09-23T14:59:10.010Z] [org.springframework.test.context.support.AbstractTestContextBootstrapper] [main] [305] [INFO ] Neither @ContextConfiguration nor @ContextHierarchy found for test class [com.farmersmart.login.LoginApplicationTests], using SpringBootContextLoader
[2023-09-23T14:59:10.010Z] [org.springframework.test.context.support.AbstractContextLoader] [main] [264] [INFO ] Could not detect default resource locations for test class [com.farmersmart.login.LoginApplicationTests]: no resource found for suffixes {-context.xml, Context.groovy}.
[2023-09-23T14:59:10.010Z] [org.springframework.test.context.support.AnnotationConfigContextLoaderUtils] [main] [83] [INFO ] Could not detect default configuration classes for test class [com.farmersmart.login.LoginApplicationTests]: LoginApplicationTests does not declare any static, non-private, non-final, nested classes annotated with @Configuration.
[2023-09-23T14:59:10.010Z] [org.springframework.boot.test.context.SpringBootTestContextBootstrapper] [main] [239] [INFO ] Found @SpringBootConfiguration com.farmersmart.login.LoginApplication for test class com.farmersmart.login.LoginApplicationTests
[2023-09-23T14:59:10.010Z] [org.springframework.test.context.support.AbstractTestContextBootstrapper] [main] [245] [INFO ] Loaded default TestExecutionListener class names from location [META-INF/spring.factories]: [org.springframework.boot.test.mock.mockito.MockitoTestExecutionListener, org.springframework.boot.test.mock.mockito.ResetMocksTestExecutionListener, org.springframework.boot.test.autoconfigure.restdocs.RestDocsTestExecutionListener, org.springframework.boot.test.autoconfigure.web.client.MockRestServiceServerResetTestExecutionListener, org.springframework.boot.test.autoconfigure.web.servlet.MockMvcPrintOnlyOnFailureTestExecutionListener, org.springframework.boot.test.autoconfigure.web.servlet.WebDriverTestExecutionListener, org.springframework.boot.test.autoconfigure.webservices.client.MockWebServiceServerTestExecutionListener, org.springframework.test.context.web.ServletTestExecutionListener, org.springframework.test.context.support.DirtiesContextBeforeModesTestExecutionListener, org.springframework.test.context.event.ApplicationEventsTestExecutionListener, org.springframework.test.context.support.DependencyInjectionTestExecutionListener, org.springframework.test.context.support.DirtiesContextTestExecutionListener, org.springframework.test.context.transaction.TransactionalTestExecutionListener, org.springframework.test.context.jdbc.SqlScriptsTestExecutionListener, org.springframework.test.context.event.EventPublishingTestExecutionListener]
[2023-09-23T14:59:10.010Z] [org.springframework.test.context.support.AbstractTestContextBootstrapper] [main] [174] [INFO ] Using TestExecutionListeners: [org.springframework.test.context.web.ServletTestExecutionListener@2dd80673, org.springframework.test.context.support.DirtiesContextBeforeModesTestExecutionListener@4af0df05, org.springframework.test.context.event.ApplicationEventsTestExecutionListener@57ea113a, org.springframework.boot.test.mock.mockito.MockitoTestExecutionListener@acdb094, org.springframework.boot.test.autoconfigure.SpringBootDependencyInjectionTestExecutionListener@674bd420, org.springframework.test.context.support.DirtiesContextTestExecutionListener@2b0f373b, org.springframework.test.context.transaction.TransactionalTestExecutionListener@2ceb80a1, org.springframework.test.context.jdbc.SqlScriptsTestExecutionListener@4b45dcb8, org.springframework.test.context.event.EventPublishingTestExecutionListener@7216fb24, org.springframework.boot.test.mock.mockito.ResetMocksTestExecutionListener@2072acb2, org.springframework.boot.test.autoconfigure.restdocs.RestDocsTestExecutionListener@50ecde95, org.springframework.boot.test.autoconfigure.web.client.MockRestServiceServerResetTestExecutionListener@35a9782c, org.springframework.boot.test.autoconfigure.web.servlet.MockMvcPrintOnlyOnFailureTestExecutionListener@70a36a66, org.springframework.boot.test.autoconfigure.web.servlet.WebDriverTestExecutionListener@45815ffc, org.springframework.boot.test.autoconfigure.webservices.client.MockWebServiceServerTestExecutionListener@732f29af]
[2023-09-23T14:59:11.011Z] [org.springframework.boot.StartupInfoLogger] [main] [55] [INFO ] Starting LoginApplicationTests using Java 20.0.1 on INBook_X1 with PID 10432 (started by saura in D:\Projects\login\login)
[2023-09-23T14:59:11.011Z] [org.springframework.boot.SpringApplication] [main] [631] [INFO ] No active profile set, falling back to 1 default profile: "default"
[2023-09-23T14:59:11.011Z] [org.springframework.data.repository.config.RepositoryConfigurationDelegate] [main] [132] [INFO ] Bootstrapping Spring Data JPA repositories in DEFAULT mode.
[2023-09-23T14:59:12.012Z] [org.springframework.data.repository.config.RepositoryConfigurationDelegate] [main] [201] [INFO ] Finished Spring Data repository scanning in 55 ms. Found 1 JPA repository interfaces.
[2023-09-23T14:59:12.012Z] [com.zaxxer.hikari.HikariDataSource] [main] [110] [INFO ] HikariPool-1 - Starting...
[2023-09-23T14:59:12.012Z] [com.zaxxer.hikari.HikariDataSource] [main] [123] [INFO ] HikariPool-1 - Start completed.
[2023-09-23T14:59:12.012Z] [org.hibernate.jpa.internal.util.LogHelper] [main] [31] [INFO ] HHH000204: Processing PersistenceUnitInfo [name: default]
[2023-09-23T14:59:13.013Z] [org.hibernate.Version] [main] [44] [INFO ] HHH000412: Hibernate ORM core version 5.6.15.Final
[2023-09-23T14:59:13.013Z] [org.hibernate.annotations.common.reflection.java.JavaReflectionManager] [main] [56] [INFO ] HCANN000001: Hibernate Commons Annotations {5.1.2.Final}
[2023-09-23T14:59:13.013Z] [org.hibernate.dialect.Dialect] [main] [175] [INFO ] HHH000400: Using dialect: org.hibernate.dialect.H2Dialect
[2023-09-23T14:59:14.014Z] [org.hibernate.engine.transaction.jta.platform.internal.JtaPlatformInitiator] [main] [52] [INFO ] HHH000490: Using JtaPlatform implementation: [org.hibernate.engine.transaction.jta.platform.internal.NoJtaPlatform]
[2023-09-23T14:59:14.014Z] [org.springframework.orm.jpa.AbstractEntityManagerFactoryBean] [main] [437] [INFO ] Initialized JPA EntityManagerFactory for persistence unit 'default'
[2023-09-23T14:59:14.014Z] [org.springframework.boot.autoconfigure.orm.jpa.JpaBaseConfiguration$JpaWebConfiguration] [main] [223] [WARN ] spring.jpa.open-in-view is enabled by default. Therefore, database queries may be performed during view rendering. Explicitly configure spring.jpa.open-in-view to disable this warning
[2023-09-23T14:59:15.015Z] [org.springframework.boot.autoconfigure.h2.H2ConsoleAutoConfiguration] [main] [98] [INFO ] H2 console available at '/h2-console'. Database available at 'jdbc:h2:mem:testdb'
[2023-09-23T14:59:15.015Z] [org.springframework.boot.StartupInfoLogger] [main] [61] [INFO ] Started LoginApplicationTests in 4.84 seconds (JVM running for 6.045)
[2023-09-23T14:59:16.016Z] [org.springframework.orm.jpa.AbstractEntityManagerFactoryBean] [SpringApplicationShutdownHook] [651] [INFO ] Closing JPA EntityManagerFactory for persistence unit 'default'
[2023-09-23T14:59:16.016Z] [org.hibernate.tool.schema.internal.SchemaDropperImpl$DelayedDropActionImpl] [SpringApplicationShutdownHook] [538] [INFO ] HHH000477: Starting delayed evictData of schema as part of SessionFactory shut-down'
[2023-09-23T14:59:16.016Z] [com.zaxxer.hikari.HikariDataSource] [SpringApplicationShutdownHook] [350] [INFO ] HikariPool-1 - Shutdown initiated...
[2023-09-23T14:59:16.016Z] [com.zaxxer.hikari.HikariDataSource] [SpringApplicationShutdownHook] [352] [INFO ] HikariPool-1 - Shutdown completed.
[2023-09-23T14:59:38.038Z] [org.springframework.boot.StartupInfoLogger] [main] [55] [INFO ] Starting LoginApplication using Java 20.0.1 on INBook_X1 with PID 9088 (D:\Projects\login\login\target\classes started by saura in D:\Projects\login\login)
[2023-09-23T14:59:38.038Z] [org.springframework.boot.SpringApplication] [main] [631] [INFO ] No active profile set, falling back to 1 default profile: "default"
[2023-09-23T14:59:39.039Z] [org.springframework.data.repository.config.RepositoryConfigurationDelegate] [main] [132] [INFO ] Bootstrapping Spring Data JPA repositories in DEFAULT mode.
[2023-09-23T14:59:39.039Z] [org.springframework.data.repository.config.RepositoryConfigurationDelegate] [main] [201] [INFO ] Finished Spring Data repository scanning in 56 ms. Found 1 JPA repository interfaces.
[2023-09-23T14:59:40.040Z] [org.springframework.boot.web.embedded.tomcat.TomcatWebServer] [main] [108] [INFO ] Tomcat initialized with port(s): 8086 (http)
[2023-09-23T14:59:40.040Z] [org.apache.juli.logging.DirectJDKLog] [main] [173] [INFO ] Initializing ProtocolHandler ["http-nio-8086"]
[2023-09-23T14:59:40.040Z] [org.apache.juli.logging.DirectJDKLog] [main] [173] [INFO ] Starting service [Tomcat]
[2023-09-23T14:59:40.040Z] [org.apache.juli.logging.DirectJDKLog] [main] [173] [INFO ] Starting Servlet engine: [Apache Tomcat/9.0.76]
[2023-09-23T14:59:40.040Z] [org.apache.juli.logging.DirectJDKLog] [main] [173] [INFO ] Initializing Spring embedded WebApplicationContext
[2023-09-23T14:59:40.040Z] [org.springframework.boot.web.servlet.context.ServletWebServerApplicationContext] [main] [292] [INFO ] Root WebApplicationContext: initialization completed in 1752 ms
[2023-09-23T14:59:40.040Z] [com.zaxxer.hikari.HikariDataSource] [main] [110] [INFO ] HikariPool-1 - Starting...
[2023-09-23T14:59:40.040Z] [com.zaxxer.hikari.HikariDataSource] [main] [123] [INFO ] HikariPool-1 - Start completed.
[2023-09-23T14:59:40.040Z] [org.springframework.boot.autoconfigure.h2.H2ConsoleAutoConfiguration] [main] [98] [INFO ] H2 console available at '/h2-console'. Database available at 'jdbc:h2:mem:testdb'
[2023-09-23T14:59:40.040Z] [org.hibernate.jpa.internal.util.LogHelper] [main] [31] [INFO ] HHH000204: Processing PersistenceUnitInfo [name: default]
[2023-09-23T14:59:40.040Z] [org.hibernate.Version] [main] [44] [INFO ] HHH000412: Hibernate ORM core version 5.6.15.Final
[2023-09-23T14:59:41.041Z] [org.hibernate.annotations.common.reflection.java.JavaReflectionManager] [main] [56] [INFO ] HCANN000001: Hibernate Commons Annotations {5.1.2.Final}
[2023-09-23T14:59:41.041Z] [org.hibernate.dialect.Dialect] [main] [175] [INFO ] HHH000400: Using dialect: org.hibernate.dialect.H2Dialect
[2023-09-23T14:59:41.041Z] [org.hibernate.engine.transaction.jta.platform.internal.JtaPlatformInitiator] [main] [52] [INFO ] HHH000490: Using JtaPlatform implementation: [org.hibernate.engine.transaction.jta.platform.internal.NoJtaPlatform]
[2023-09-23T14:59:41.041Z] [org.springframework.orm.jpa.AbstractEntityManagerFactoryBean] [main] [437] [INFO ] Initialized JPA EntityManagerFactory for persistence unit 'default'
[2023-09-23T14:59:42.042Z] [org.springframework.boot.autoconfigure.orm.jpa.JpaBaseConfiguration$JpaWebConfiguration] [main] [223] [WARN ] spring.jpa.open-in-view is enabled by default. Therefore, database queries may be performed during view rendering. Explicitly configure spring.jpa.open-in-view to disable this warning
[2023-09-23T14:59:42.042Z] [org.apache.juli.logging.DirectJDKLog] [main] [173] [INFO ] Starting ProtocolHandler ["http-nio-8086"]
[2023-09-23T14:59:42.042Z] [org.springframework.boot.web.embedded.tomcat.TomcatWebServer] [main] [220] [INFO ] Tomcat started on port(s): 8086 (http) with context path ''
[2023-09-23T14:59:42.042Z] [org.springframework.boot.StartupInfoLogger] [main] [61] [INFO ] Started LoginApplication in 4.719 seconds (JVM running for 5.29)
[2023-09-23T15:00:16.016Z] [org.apache.juli.logging.DirectJDKLog] [http-nio-8086-exec-2] [173] [INFO ] Initializing Spring DispatcherServlet 'dispatcherServlet'
[2023-09-23T15:00:16.016Z] [org.springframework.web.servlet.FrameworkServlet] [http-nio-8086-exec-2] [525] [INFO ] Initializing Servlet 'dispatcherServlet'
[2023-09-23T15:00:16.016Z] [org.springframework.web.servlet.FrameworkServlet] [http-nio-8086-exec-2] [547] [INFO ] Completed initialization in 1 ms
[2023-09-23T15:00:17.017Z] [com.farmersmart.login.service.LoginService] [http-nio-8086-exec-2] [25] [INFO ] LoginEntity [id=3, username=Sahil, password=12345]
[2023-09-23T15:00:17.017Z] [com.farmersmart.login.controller.LoginController] [http-nio-8086-exec-2] [34] [INFO ] Added successfully
[2023-09-23T15:09:29.029Z] [com.farmersmart.login.service.LoginService] [http-nio-8086-exec-3] [25] [INFO ] LoginEntity [id=3, username=Sahil, password=12345]
[2023-09-23T15:09:29.029Z] [com.farmersmart.login.controller.LoginController] [http-nio-8086-exec-3] [34] [INFO ] Added successfully
[2023-09-28T16:10:51.051Z] [org.springframework.test.context.support.AbstractTestContextBootstrapper] [main] [305] [INFO ] Neither @ContextConfiguration nor @ContextHierarchy found for test class [com.farmersmart.login.LoginApplicationTests], using SpringBootContextLoader
[2023-09-28T16:10:51.051Z] [org.springframework.test.context.support.AbstractContextLoader] [main] [264] [INFO ] Could not detect default resource locations for test class [com.farmersmart.login.LoginApplicationTests]: no resource found for suffixes {-context.xml, Context.groovy}.
[2023-09-28T16:10:51.051Z] [org.springframework.test.context.support.AnnotationConfigContextLoaderUtils] [main] [83] [INFO ] Could not detect default configuration classes for test class [com.farmersmart.login.LoginApplicationTests]: LoginApplicationTests does not declare any static, non-private, non-final, nested classes annotated with @Configuration.
[2023-09-28T16:10:51.051Z] [org.springframework.boot.test.context.SpringBootTestContextBootstrapper] [main] [239] [INFO ] Found @SpringBootConfiguration com.farmersmart.login.LoginApplication for test class com.farmersmart.login.LoginApplicationTests
[2023-09-28T16:10:51.051Z] [org.springframework.test.context.support.AbstractTestContextBootstrapper] [main] [245] [INFO ] Loaded default TestExecutionListener class names from location [META-INF/spring.factories]: [org.springframework.boot.test.mock.mockito.MockitoTestExecutionListener, org.springframework.boot.test.mock.mockito.ResetMocksTestExecutionListener, org.springframework.boot.test.autoconfigure.restdocs.RestDocsTestExecutionListener, org.springframework.boot.test.autoconfigure.web.client.MockRestServiceServerResetTestExecutionListener, org.springframework.boot.test.autoconfigure.web.servlet.MockMvcPrintOnlyOnFailureTestExecutionListener, org.springframework.boot.test.autoconfigure.web.servlet.WebDriverTestExecutionListener, org.springframework.boot.test.autoconfigure.webservices.client.MockWebServiceServerTestExecutionListener, org.springframework.test.context.web.ServletTestExecutionListener, org.springframework.test.context.support.DirtiesContextBeforeModesTestExecutionListener, org.springframework.test.context.event.ApplicationEventsTestExecutionListener, org.springframework.test.context.support.DependencyInjectionTestExecutionListener, org.springframework.test.context.support.DirtiesContextTestExecutionListener, org.springframework.test.context.transaction.TransactionalTestExecutionListener, org.springframework.test.context.jdbc.SqlScriptsTestExecutionListener, org.springframework.test.context.event.EventPublishingTestExecutionListener]
[2023-09-28T16:10:51.051Z] [org.springframework.test.context.support.AbstractTestContextBootstrapper] [main] [174] [INFO ] Using TestExecutionListeners: [org.springframework.test.context.web.ServletTestExecutionListener@2dd80673, org.springframework.test.context.support.DirtiesContextBeforeModesTestExecutionListener@4af0df05, org.springframework.test.context.event.ApplicationEventsTestExecutionListener@57ea113a, org.springframework.boot.test.mock.mockito.MockitoTestExecutionListener@acdb094, org.springframework.boot.test.autoconfigure.SpringBootDependencyInjectionTestExecutionListener@674bd420, org.springframework.test.context.support.DirtiesContextTestExecutionListener@2b0f373b, org.springframework.test.context.transaction.TransactionalTestExecutionListener@2ceb80a1, org.springframework.test.context.jdbc.SqlScriptsTestExecutionListener@4b45dcb8, org.springframework.test.context.event.EventPublishingTestExecutionListener@7216fb24, org.springframework.boot.test.mock.mockito.ResetMocksTestExecutionListener@2072acb2, org.springframework.boot.test.autoconfigure.restdocs.RestDocsTestExecutionListener@50ecde95, org.springframework.boot.test.autoconfigure.web.client.MockRestServiceServerResetTestExecutionListener@35a9782c, org.springframework.boot.test.autoconfigure.web.servlet.MockMvcPrintOnlyOnFailureTestExecutionListener@70a36a66, org.springframework.boot.test.autoconfigure.web.servlet.WebDriverTestExecutionListener@45815ffc, org.springframework.boot.test.autoconfigure.webservices.client.MockWebServiceServerTestExecutionListener@732f29af]
[2023-09-28T16:10:52.052Z] [org.springframework.boot.StartupInfoLogger] [main] [55] [INFO ] Starting LoginApplicationTests using Java 20.0.1 on INBook_X1 with PID 13088 (started by saura in D:\Projects\login\login)
[2023-09-28T16:10:52.052Z] [org.springframework.boot.SpringApplication] [main] [631] [INFO ] No active profile set, falling back to 1 default profile: "default"
[2023-09-28T16:10:52.052Z] [org.springframework.data.repository.config.RepositoryConfigurationDelegate] [main] [132] [INFO ] Bootstrapping Spring Data JPA repositories in DEFAULT mode.
[2023-09-28T16:10:52.052Z] [org.springframework.data.repository.config.RepositoryConfigurationDelegate] [main] [201] [INFO ] Finished Spring Data repository scanning in 48 ms. Found 1 JPA repository interfaces.
[2023-09-28T16:10:53.053Z] [com.zaxxer.hikari.HikariDataSource] [main] [110] [INFO ] HikariPool-1 - Starting...
[2023-09-28T16:10:53.053Z] [com.zaxxer.hikari.HikariDataSource] [main] [123] [INFO ] HikariPool-1 - Start completed.
[2023-09-28T16:10:54.054Z] [org.hibernate.jpa.internal.util.LogHelper] [main] [31] [INFO ] HHH000204: Processing PersistenceUnitInfo [name: default]
[2023-09-28T16:10:54.054Z] [org.hibernate.Version] [main] [44] [INFO ] HHH000412: Hibernate ORM core version 5.6.15.Final
[2023-09-28T16:10:54.054Z] [org.hibernate.annotations.common.reflection.java.JavaReflectionManager] [main] [56] [INFO ] HCANN000001: Hibernate Commons Annotations {5.1.2.Final}
[2023-09-28T16:10:54.054Z] [org.hibernate.dialect.Dialect] [main] [175] [INFO ] HHH000400: Using dialect: org.hibernate.dialect.H2Dialect
[2023-09-28T16:10:55.055Z] [org.hibernate.engine.transaction.jta.platform.internal.JtaPlatformInitiator] [main] [52] [INFO ] HHH000490: Using JtaPlatform implementation: [org.hibernate.engine.transaction.jta.platform.internal.NoJtaPlatform]
[2023-09-28T16:10:55.055Z] [org.springframework.orm.jpa.AbstractEntityManagerFactoryBean] [main] [437] [INFO ] Initialized JPA EntityManagerFactory for persistence unit 'default'
[2023-09-28T16:10:55.055Z] [org.springframework.boot.autoconfigure.orm.jpa.JpaBaseConfiguration$JpaWebConfiguration] [main] [223] [WARN ] spring.jpa.open-in-view is enabled by default. Therefore, database queries may be performed during view rendering. Explicitly configure spring.jpa.open-in-view to disable this warning
[2023-09-28T16:10:56.056Z] [org.springframework.boot.autoconfigure.h2.H2ConsoleAutoConfiguration] [main] [98] [INFO ] H2 console available at '/h2-console'. Database available at 'jdbc:h2:mem:testdb'
[2023-09-28T16:10:57.057Z] [org.springframework.boot.StartupInfoLogger] [main] [61] [INFO ] Started LoginApplicationTests in 5.166 seconds (JVM running for 6.382)
[2023-09-28T16:10:57.057Z] [org.springframework.orm.jpa.AbstractEntityManagerFactoryBean] [SpringApplicationShutdownHook] [651] [INFO ] Closing JPA EntityManagerFactory for persistence unit 'default'
[2023-09-28T16:10:57.057Z] [org.hibernate.tool.schema.internal.SchemaDropperImpl$DelayedDropActionImpl] [SpringApplicationShutdownHook] [538] [INFO ] HHH000477: Starting delayed evictData of schema as part of SessionFactory shut-down'
[2023-09-28T16:10:57.057Z] [com.zaxxer.hikari.HikariDataSource] [SpringApplicationShutdownHook] [350] [INFO ] HikariPool-1 - Shutdown initiated...
[2023-09-28T16:10:57.057Z] [com.zaxxer.hikari.HikariDataSource] [SpringApplicationShutdownHook] [352] [INFO ] HikariPool-1 - Shutdown completed.
[2023-09-28T17:12:49.049Z] [org.springframework.boot.StartupInfoLogger] [main] [55] [INFO ] Starting LoginApplication using Java 20.0.1 on INBook_X1 with PID 3152 (D:\Projects\login\login\target\classes started by saura in D:\Projects\login\login)
[2023-09-28T17:12:49.049Z] [org.springframework.boot.SpringApplication] [main] [631] [INFO ] No active profile set, falling back to 1 default profile: "default"
[2023-09-28T17:12:50.050Z] [org.springframework.data.repository.config.RepositoryConfigurationDelegate] [main] [132] [INFO ] Bootstrapping Spring Data JPA repositories in DEFAULT mode.
[2023-09-28T17:12:50.050Z] [org.springframework.data.repository.config.RepositoryConfigurationDelegate] [main] [201] [INFO ] Finished Spring Data repository scanning in 60 ms. Found 1 JPA repository interfaces.
[2023-09-28T17:12:51.051Z] [org.springframework.boot.web.embedded.tomcat.TomcatWebServer] [main] [108] [INFO ] Tomcat initialized with port(s): 8086 (http)
[2023-09-28T17:12:51.051Z] [org.apache.juli.logging.DirectJDKLog] [main] [173] [INFO ] Initializing ProtocolHandler ["http-nio-8086"]
[2023-09-28T17:12:51.051Z] [org.apache.juli.logging.DirectJDKLog] [main] [173] [INFO ] Starting service [Tomcat]
[2023-09-28T17:12:51.051Z] [org.apache.juli.logging.DirectJDKLog] [main] [173] [INFO ] Starting Servlet engine: [Apache Tomcat/9.0.76]
[2023-09-28T17:12:51.051Z] [org.apache.juli.logging.DirectJDKLog] [main] [173] [INFO ] Initializing Spring embedded WebApplicationContext
[2023-09-28T17:12:51.051Z] [org.springframework.boot.web.servlet.context.ServletWebServerApplicationContext] [main] [292] [INFO ] Root WebApplicationContext: initialization completed in 1966 ms
[2023-09-28T17:12:51.051Z] [com.zaxxer.hikari.HikariDataSource] [main] [110] [INFO ] HikariPool-1 - Starting...
[2023-09-28T17:12:51.051Z] [com.zaxxer.hikari.HikariDataSource] [main] [123] [INFO ] HikariPool-1 - Start completed.
[2023-09-28T17:12:51.051Z] [org.springframework.boot.autoconfigure.h2.H2ConsoleAutoConfiguration] [main] [98] [INFO ] H2 console available at '/h2-console'. Database available at 'jdbc:h2:mem:testdb'
[2023-09-28T17:12:51.051Z] [org.hibernate.jpa.internal.util.LogHelper] [main] [31] [INFO ] HHH000204: Processing PersistenceUnitInfo [name: default]
[2023-09-28T17:12:51.051Z] [org.hibernate.Version] [main] [44] [INFO ] HHH000412: Hibernate ORM core version 5.6.15.Final
[2023-09-28T17:12:52.052Z] [org.hibernate.annotations.common.reflection.java.JavaReflectionManager] [main] [56] [INFO ] HCANN000001: Hibernate Commons Annotations {5.1.2.Final}
[2023-09-28T17:12:52.052Z] [org.hibernate.dialect.Dialect] [main] [175] [INFO ] HHH000400: Using dialect: org.hibernate.dialect.H2Dialect
[2023-09-28T17:12:52.052Z] [org.hibernate.engine.transaction.jta.platform.internal.JtaPlatformInitiator] [main] [52] [INFO ] HHH000490: Using JtaPlatform implementation: [org.hibernate.engine.transaction.jta.platform.internal.NoJtaPlatform]
[2023-09-28T17:12:52.052Z] [org.springframework.orm.jpa.AbstractEntityManagerFactoryBean] [main] [437] [INFO ] Initialized JPA EntityManagerFactory for persistence unit 'default'
[2023-09-28T17:12:53.053Z] [org.springframework.boot.autoconfigure.orm.jpa.JpaBaseConfiguration$JpaWebConfiguration] [main] [223] [WARN ] spring.jpa.open-in-view is enabled by default. Therefore, database queries may be performed during view rendering. Explicitly configure spring.jpa.open-in-view to disable this warning
[2023-09-28T17:12:53.053Z] [org.apache.juli.logging.DirectJDKLog] [main] [173] [INFO ] Starting ProtocolHandler ["http-nio-8086"]
[2023-09-28T17:12:53.053Z] [org.springframework.boot.web.embedded.tomcat.TomcatWebServer] [main] [220] [INFO ] Tomcat started on port(s): 8086 (http) with context path ''
[2023-09-28T17:12:53.053Z] [org.springframework.boot.StartupInfoLogger] [main] [61] [INFO ] Started LoginApplication in 4.928 seconds (JVM running for 5.47)
[2023-09-28T17:17:51.051Z] [org.apache.juli.logging.DirectJDKLog] [http-nio-8086-exec-2] [175] [INFO ] Error parsing HTTP request header
 Note: further occurrences of HTTP request parsing errors will be logged at DEBUG level.
java.lang.IllegalArgumentException: Invalid character found in method name [0x160x030x010x000xf70x010x000x000xf30x030x030xab0x080xf1#0xdcy'l0x9c0xa1$KP0xd2Gft0xc40x1c0x05Jpur0xeeA[~\0x9f0x170xac ]. HTTP method names must be tokens
	at org.apache.coyote.http11.Http11InputBuffer.parseRequestLine(Http11InputBuffer.java:407)
	at org.apache.coyote.http11.Http11Processor.service(Http11Processor.java:263)
	at org.apache.coyote.AbstractProcessorLight.process(AbstractProcessorLight.java:63)
	at org.apache.coyote.AbstractProtocol$ConnectionHandler.process(AbstractProtocol.java:926)
	at org.apache.tomcat.util.net.NioEndpoint$SocketProcessor.doRun(NioEndpoint.java:1791)
	at org.apache.tomcat.util.net.SocketProcessorBase.run(SocketProcessorBase.java:52)
	at org.apache.tomcat.util.threads.ThreadPoolExecutor.runWorker(ThreadPoolExecutor.java:1191)
	at org.apache.tomcat.util.threads.ThreadPoolExecutor$Worker.run(ThreadPoolExecutor.java:659)
	at org.apache.tomcat.util.threads.TaskThread$WrappingRunnable.run(TaskThread.java:61)
	at java.base/java.lang.Thread.run(Thread.java:1623)
[2023-09-28T17:19:44.044Z] [org.apache.juli.logging.DirectJDKLog] [http-nio-8086-exec-6] [173] [INFO ] Initializing Spring DispatcherServlet 'dispatcherServlet'
[2023-09-28T17:19:44.044Z] [org.springframework.web.servlet.FrameworkServlet] [http-nio-8086-exec-6] [525] [INFO ] Initializing Servlet 'dispatcherServlet'
[2023-09-28T17:19:44.044Z] [org.springframework.web.servlet.FrameworkServlet] [http-nio-8086-exec-6] [547] [INFO ] Completed initialization in 0 ms
[2023-09-28T17:19:44.044Z] [com.farmersmart.login.service.LoginService] [http-nio-8086-exec-6] [25] [INFO ] LoginEntity [id=1, username=Saurabh, password=Saurabh@01]
[2023-09-28T17:19:44.044Z] [com.farmersmart.login.service.LoginService] [http-nio-8086-exec-6] [27] [INFO ] null
[2023-09-28T17:19:44.044Z] [com.farmersmart.login.controller.LoginController] [http-nio-8086-exec-6] [34] [INFO ] Added successfully
[2023-09-28T17:20:16.016Z] [com.farmersmart.login.service.LoginService] [http-nio-8086-exec-7] [25] [INFO ] LoginEntity [id=2, username=Sanket, password=Sanket@21]
[2023-09-28T17:20:16.016Z] [com.farmersmart.login.service.LoginService] [http-nio-8086-exec-7] [27] [INFO ] Added successfully
[2023-09-28T17:20:16.016Z] [com.farmersmart.login.controller.LoginController] [http-nio-8086-exec-7] [34] [INFO ] Added successfully
[2023-09-28T17:20:41.041Z] [com.farmersmart.login.service.LoginService] [http-nio-8086-exec-8] [25] [INFO ] LoginEntity [id=3, username=Sahil, password=Sahil@14]
[2023-09-28T17:20:41.041Z] [com.farmersmart.login.service.LoginService] [http-nio-8086-exec-8] [27] [INFO ] Added successfully
[2023-09-28T17:20:41.041Z] [com.farmersmart.login.controller.LoginController] [http-nio-8086-exec-8] [34] [INFO ] Added successfully
[2023-09-28T17:22:28.028Z] [com.farmersmart.login.service.LoginService] [http-nio-8086-exec-1] [44] [INFO ] null
[2023-09-28T17:27:30.030Z] [com.farmersmart.login.service.LoginService] [http-nio-8086-exec-1] [65] [INFO ] Customer deleted successfully
[2023-09-28T17:27:30.030Z] [com.farmersmart.login.controller.LoginController] [http-nio-8086-exec-1] [60] [INFO ] Deleted successfully
